<?xml version="1.0" encoding="UTF-8"?>
<!-- Generated by org.testng.reporters.JUnitXMLReporter -->
<testsuite ignored="0" hostname="PJ" failures="0" tests="4" name="Login Page Test_firefox" time="12.778" errors="0" timestamp="2026-03-17T15:32:02 IST">
  <testcase classname="com.qa.opencart.tests.LoginPageTest" name="loginPageTitleTest" time="0.21"/>
  <testcase classname="com.qa.opencart.tests.LoginPageTest" name="loginPageUrlTest" time="0.045"/>
  <testcase classname="com.qa.opencart.tests.LoginPageTest" name="forgotpassLinkExistTest" time="1.12"/>
  <testcase classname="com.qa.opencart.tests.LoginPageTest" name="loginTest" time="3.443"/>
</testsuite> <!-- Login Page Test_firefox -->
