<?xml version="1.0" encoding="UTF-8"?>
<!-- Generated by org.testng.reporters.JUnitXMLReporter -->
<testsuite ignored="0" hostname="PJ" failures="0" tests="4" name="Login Page Test_firefox" time="13.53" errors="0" timestamp="2026-03-24T13:32:46 IST">
  <testcase classname="com.qa.opencart.tests.LoginPageTest" name="loginPageTitleTest" time="0.267"/>
  <testcase classname="com.qa.opencart.tests.LoginPageTest" name="loginPageUrlTest" time="0.041"/>
  <testcase classname="com.qa.opencart.tests.LoginPageTest" name="forgotpassLinkExistTest" time="1.004"/>
  <testcase classname="com.qa.opencart.tests.LoginPageTest" name="loginTest" time="3.395"/>
</testsuite> <!-- Login Page Test_firefox -->
