<?xml version="1.0" encoding="UTF-8"?>
<testng-results ignored="0" total="2" passed="2" failed="0" skipped="0">
  <reporter-output>
  </reporter-output>
  <suite started-at="2026-02-17T11:33:12 IST" name="Default suite" finished-at="2026-02-17T11:33:18 IST" duration-ms="6297">
    <groups>
    </groups>
    <test started-at="2026-02-17T11:33:12 IST" name="Default test" finished-at="2026-02-17T11:33:18 IST" duration-ms="6297">
      <class name="com.qa.opencart.tests.ProductInfoPageTest">
        <test-method is-config="true" signature="setUp()[pri:0, instance:com.qa.opencart.tests.ProductInfoPageTest@1e800aaa]" started-at="2026-02-17T11:33:12 IST" name="setUp" finished-at="2026-02-17T11:33:15 IST" duration-ms="3091" status="PASS">
          <reporter-output>
          </reporter-output>
        </test-method> <!-- setUp -->
        <test-method is-config="true" signature="producInfoPageSetup()[pri:0, instance:com.qa.opencart.tests.ProductInfoPageTest@1e800aaa]" started-at="2026-02-17T11:33:15 IST" name="producInfoPageSetup" finished-at="2026-02-17T11:33:15 IST" duration-ms="324" status="PASS">
          <reporter-output>
          </reporter-output>
        </test-method> <!-- producInfoPageSetup -->
        <test-method signature="productHeaderTest()[pri:0, instance:com.qa.opencart.tests.ProductInfoPageTest@1e800aaa]" started-at="2026-02-17T11:33:15 IST" name="productHeaderTest" finished-at="2026-02-17T11:33:17 IST" duration-ms="1806" status="PASS">
          <reporter-output>
          </reporter-output>
        </test-method> <!-- productHeaderTest -->
        <test-method signature="productImagecountTest()[pri:0, instance:com.qa.opencart.tests.ProductInfoPageTest@1e800aaa]" started-at="2026-02-17T11:33:17 IST" name="productImagecountTest" finished-at="2026-02-17T11:33:18 IST" duration-ms="901" status="PASS">
          <reporter-output>
          </reporter-output>
        </test-method> <!-- productImagecountTest -->
        <test-method is-config="true" signature="teardown()[pri:0, instance:com.qa.opencart.tests.ProductInfoPageTest@1e800aaa]" started-at="2026-02-17T11:33:18 IST" name="teardown" finished-at="2026-02-17T11:33:18 IST" duration-ms="142" status="PASS">
          <reporter-output>
          </reporter-output>
        </test-method> <!-- teardown -->
      </class> <!-- com.qa.opencart.tests.ProductInfoPageTest -->
    </test> <!-- Default test -->
  </suite> <!-- Default suite -->
</testng-results>
