<?xml version="1.0" encoding="UTF-8"?>
<testng-results ignored="0" total="9" passed="9" failed="0" skipped="0">
  <reporter-output>
  </reporter-output>
  <suite started-at="2026-03-24T13:32:32 IST" name="Opencart App Test Regression Suite" finished-at="2026-03-24T13:32:46 IST" duration-ms="13536">
    <groups>
    </groups>
    <test started-at="2026-03-24T13:32:32 IST" name="Accounts Page Test" finished-at="2026-03-24T13:32:45 IST" duration-ms="12599">
      <class name="com.qa.opencart.tests.AccountsPageTest">
        <test-method is-config="true" signature="setUp(java.lang.String)[pri:0, instance:com.qa.opencart.tests.AccountsPageTest@666b83a4]" started-at="2026-03-24T13:32:32 IST" name="setUp" finished-at="2026-03-24T13:32:40 IST" duration-ms="7614" status="PASS">
          <params>
            <param index="0">
              <value>
                <![CDATA[chrome]]>
              </value>
            </param>
          </params>
          <reporter-output>
          </reporter-output>
        </test-method> <!-- setUp -->
        <test-method is-config="true" signature="accPageSetup()[pri:0, instance:com.qa.opencart.tests.AccountsPageTest@666b83a4]" started-at="2026-03-24T13:32:40 IST" name="accPageSetup" finished-at="2026-03-24T13:32:43 IST" duration-ms="3428" status="PASS">
          <reporter-output>
          </reporter-output>
        </test-method> <!-- accPageSetup -->
        <test-method signature="accountHeaderCountTest()[pri:0, instance:com.qa.opencart.tests.AccountsPageTest@666b83a4]" started-at="2026-03-24T13:32:43 IST" name="accountHeaderCountTest" finished-at="2026-03-24T13:32:44 IST" duration-ms="305" status="PASS">
          <reporter-output>
          </reporter-output>
        </test-method> <!-- accountHeaderCountTest -->
        <test-method is-config="true" signature="attachScreenshot(org.testng.ITestResult)[pri:0, instance:com.qa.opencart.tests.AccountsPageTest@666b83a4]" started-at="2026-03-24T13:32:44 IST" name="attachScreenshot" finished-at="2026-03-24T13:32:44 IST" duration-ms="2" status="PASS">
          <params>
            <param index="0">
              <value>
                <![CDATA[[TestResult name=accountHeaderCountTest status=SUCCESS method=AccountsPageTest.accountHeaderCountTest()[pri:0, instance:com.qa.opencart.tests.AccountsPageTest@666b83a4] output={null}]]]>
              </value>
            </param>
          </params>
          <reporter-output>
          </reporter-output>
        </test-method> <!-- attachScreenshot -->
        <test-method signature="accountHeaderValueTest()[pri:0, instance:com.qa.opencart.tests.AccountsPageTest@666b83a4]" started-at="2026-03-24T13:32:44 IST" name="accountHeaderValueTest" finished-at="2026-03-24T13:32:44 IST" duration-ms="227" status="PASS">
          <reporter-output>
          </reporter-output>
        </test-method> <!-- accountHeaderValueTest -->
        <test-method is-config="true" signature="attachScreenshot(org.testng.ITestResult)[pri:0, instance:com.qa.opencart.tests.AccountsPageTest@666b83a4]" started-at="2026-03-24T13:32:44 IST" name="attachScreenshot" finished-at="2026-03-24T13:32:44 IST" duration-ms="2" status="PASS">
          <params>
            <param index="0">
              <value>
                <![CDATA[[TestResult name=accountHeaderValueTest status=SUCCESS method=AccountsPageTest.accountHeaderValueTest()[pri:0, instance:com.qa.opencart.tests.AccountsPageTest@666b83a4] output={null}]]]>
              </value>
            </param>
          </params>
          <reporter-output>
          </reporter-output>
        </test-method> <!-- attachScreenshot -->
        <test-method signature="accountsPageTitleTest()[pri:0, instance:com.qa.opencart.tests.AccountsPageTest@666b83a4]" started-at="2026-03-24T13:32:44 IST" name="accountsPageTitleTest" finished-at="2026-03-24T13:32:44 IST" duration-ms="40" status="PASS">
          <reporter-output>
          </reporter-output>
        </test-method> <!-- accountsPageTitleTest -->
        <test-method is-config="true" signature="attachScreenshot(org.testng.ITestResult)[pri:0, instance:com.qa.opencart.tests.AccountsPageTest@666b83a4]" started-at="2026-03-24T13:32:44 IST" name="attachScreenshot" finished-at="2026-03-24T13:32:44 IST" duration-ms="0" status="PASS">
          <params>
            <param index="0">
              <value>
                <![CDATA[[TestResult name=accountsPageTitleTest status=SUCCESS method=AccountsPageTest.accountsPageTitleTest()[pri:0, instance:com.qa.opencart.tests.AccountsPageTest@666b83a4] output={null}]]]>
              </value>
            </param>
          </params>
          <reporter-output>
          </reporter-output>
        </test-method> <!-- attachScreenshot -->
        <test-method signature="accountsPageUrlTest()[pri:0, instance:com.qa.opencart.tests.AccountsPageTest@666b83a4]" started-at="2026-03-24T13:32:44 IST" name="accountsPageUrlTest" finished-at="2026-03-24T13:32:44 IST" duration-ms="36" status="PASS">
          <reporter-output>
          </reporter-output>
        </test-method> <!-- accountsPageUrlTest -->
        <test-method is-config="true" signature="attachScreenshot(org.testng.ITestResult)[pri:0, instance:com.qa.opencart.tests.AccountsPageTest@666b83a4]" started-at="2026-03-24T13:32:44 IST" name="attachScreenshot" finished-at="2026-03-24T13:32:44 IST" duration-ms="0" status="PASS">
          <params>
            <param index="0">
              <value>
                <![CDATA[[TestResult name=accountsPageUrlTest status=SUCCESS method=AccountsPageTest.accountsPageUrlTest()[pri:0, instance:com.qa.opencart.tests.AccountsPageTest@666b83a4] output={null}]]]>
              </value>
            </param>
          </params>
          <reporter-output>
          </reporter-output>
        </test-method> <!-- attachScreenshot -->
        <test-method signature="isLogoutLinkExistTest()[pri:0, instance:com.qa.opencart.tests.AccountsPageTest@666b83a4]" started-at="2026-03-24T13:32:44 IST" name="isLogoutLinkExistTest" finished-at="2026-03-24T13:32:44 IST" duration-ms="94" status="PASS">
          <reporter-output>
          </reporter-output>
        </test-method> <!-- isLogoutLinkExistTest -->
        <test-method is-config="true" signature="attachScreenshot(org.testng.ITestResult)[pri:0, instance:com.qa.opencart.tests.AccountsPageTest@666b83a4]" started-at="2026-03-24T13:32:44 IST" name="attachScreenshot" finished-at="2026-03-24T13:32:44 IST" duration-ms="2" status="PASS">
          <params>
            <param index="0">
              <value>
                <![CDATA[[TestResult name=isLogoutLinkExistTest status=SUCCESS method=AccountsPageTest.isLogoutLinkExistTest()[pri:0, instance:com.qa.opencart.tests.AccountsPageTest@666b83a4] output={null}]]]>
              </value>
            </param>
          </params>
          <reporter-output>
          </reporter-output>
        </test-method> <!-- attachScreenshot -->
        <test-method is-config="true" signature="teardown()[pri:0, instance:com.qa.opencart.tests.AccountsPageTest@666b83a4]" started-at="2026-03-24T13:32:44 IST" name="teardown" finished-at="2026-03-24T13:32:45 IST" duration-ms="509" status="PASS">
          <reporter-output>
          </reporter-output>
        </test-method> <!-- teardown -->
      </class> <!-- com.qa.opencart.tests.AccountsPageTest -->
    </test> <!-- Accounts Page Test -->
    <test started-at="2026-03-24T13:32:32 IST" name="Login Page Test_firefox" finished-at="2026-03-24T13:32:46 IST" duration-ms="13530">
      <class name="com.qa.opencart.tests.LoginPageTest">
        <test-method is-config="true" signature="setUp(java.lang.String)[pri:0, instance:com.qa.opencart.tests.LoginPageTest@79145d5a]" started-at="2026-03-24T13:32:32 IST" name="setUp" finished-at="2026-03-24T13:32:40 IST" duration-ms="7850" status="PASS">
          <params>
            <param index="0">
              <value>
                <![CDATA[chrome]]>
              </value>
            </param>
          </params>
          <reporter-output>
          </reporter-output>
        </test-method> <!-- setUp -->
        <test-method signature="loginPageTitleTest()[pri:1, instance:com.qa.opencart.tests.LoginPageTest@79145d5a]" started-at="2026-03-24T13:32:40 IST" name="loginPageTitleTest" finished-at="2026-03-24T13:32:40 IST" duration-ms="267" status="PASS">
          <reporter-output>
          </reporter-output>
        </test-method> <!-- loginPageTitleTest -->
        <test-method is-config="true" signature="attachScreenshot(org.testng.ITestResult)[pri:0, instance:com.qa.opencart.tests.LoginPageTest@79145d5a]" started-at="2026-03-24T13:32:41 IST" name="attachScreenshot" finished-at="2026-03-24T13:32:41 IST" duration-ms="5" status="PASS">
          <params>
            <param index="0">
              <value>
                <![CDATA[[TestResult name=loginPageTitleTest status=SUCCESS method=LoginPageTest.loginPageTitleTest()[pri:1, instance:com.qa.opencart.tests.LoginPageTest@79145d5a] output={null}]]]>
              </value>
            </param>
          </params>
          <reporter-output>
          </reporter-output>
        </test-method> <!-- attachScreenshot -->
        <test-method signature="loginPageUrlTest()[pri:2, instance:com.qa.opencart.tests.LoginPageTest@79145d5a]" started-at="2026-03-24T13:32:41 IST" name="loginPageUrlTest" finished-at="2026-03-24T13:32:41 IST" duration-ms="41" status="PASS">
          <reporter-output>
          </reporter-output>
        </test-method> <!-- loginPageUrlTest -->
        <test-method is-config="true" signature="attachScreenshot(org.testng.ITestResult)[pri:0, instance:com.qa.opencart.tests.LoginPageTest@79145d5a]" started-at="2026-03-24T13:32:41 IST" name="attachScreenshot" finished-at="2026-03-24T13:32:41 IST" duration-ms="1" status="PASS">
          <params>
            <param index="0">
              <value>
                <![CDATA[[TestResult name=loginPageUrlTest status=SUCCESS method=LoginPageTest.loginPageUrlTest()[pri:2, instance:com.qa.opencart.tests.LoginPageTest@79145d5a] output={null}]]]>
              </value>
            </param>
          </params>
          <reporter-output>
          </reporter-output>
        </test-method> <!-- attachScreenshot -->
        <test-method signature="forgotpassLinkExistTest()[pri:3, instance:com.qa.opencart.tests.LoginPageTest@79145d5a]" started-at="2026-03-24T13:32:41 IST" name="forgotpassLinkExistTest" finished-at="2026-03-24T13:32:42 IST" duration-ms="1004" status="PASS">
          <reporter-output>
          </reporter-output>
        </test-method> <!-- forgotpassLinkExistTest -->
        <test-method is-config="true" signature="attachScreenshot(org.testng.ITestResult)[pri:0, instance:com.qa.opencart.tests.LoginPageTest@79145d5a]" started-at="2026-03-24T13:32:42 IST" name="attachScreenshot" finished-at="2026-03-24T13:32:42 IST" duration-ms="3" status="PASS">
          <params>
            <param index="0">
              <value>
                <![CDATA[[TestResult name=forgotpassLinkExistTest status=SUCCESS method=LoginPageTest.forgotpassLinkExistTest()[pri:3, instance:com.qa.opencart.tests.LoginPageTest@79145d5a] output={null}]]]>
              </value>
            </param>
          </params>
          <reporter-output>
          </reporter-output>
        </test-method> <!-- attachScreenshot -->
        <test-method signature="loginTest()[pri:32767, instance:com.qa.opencart.tests.LoginPageTest@79145d5a]" started-at="2026-03-24T13:32:42 IST" name="loginTest" finished-at="2026-03-24T13:32:45 IST" duration-ms="3395" status="PASS">
          <reporter-output>
          </reporter-output>
        </test-method> <!-- loginTest -->
        <test-method is-config="true" signature="attachScreenshot(org.testng.ITestResult)[pri:0, instance:com.qa.opencart.tests.LoginPageTest@79145d5a]" started-at="2026-03-24T13:32:45 IST" name="attachScreenshot" finished-at="2026-03-24T13:32:45 IST" duration-ms="2" status="PASS">
          <params>
            <param index="0">
              <value>
                <![CDATA[[TestResult name=loginTest status=SUCCESS method=LoginPageTest.loginTest()[pri:32767, instance:com.qa.opencart.tests.LoginPageTest@79145d5a] output={null}]]]>
              </value>
            </param>
          </params>
          <reporter-output>
          </reporter-output>
        </test-method> <!-- attachScreenshot -->
        <test-method is-config="true" signature="teardown()[pri:0, instance:com.qa.opencart.tests.LoginPageTest@79145d5a]" started-at="2026-03-24T13:32:45 IST" name="teardown" finished-at="2026-03-24T13:32:46 IST" duration-ms="468" status="PASS">
          <reporter-output>
          </reporter-output>
        </test-method> <!-- teardown -->
      </class> <!-- com.qa.opencart.tests.LoginPageTest -->
    </test> <!-- Login Page Test_firefox -->
  </suite> <!-- Opencart App Test Regression Suite -->
</testng-results>
