<?xml version="1.0" encoding="UTF-8"?>
<!-- Generated by org.testng.reporters.JUnitReportReporter -->
<testsuite hostname="PJ" failures="0" tests="3" name="com.qa.opencart.tests.ProductInfoPageTest" time="4.909" errors="0" timestamp="2026-03-06T10:32:46 IST" skipped="0">
  <testcase classname="com.qa.opencart.tests.ProductInfoPageTest" name="producteCSVImagecountTest" time="1.222"/>
  <testcase classname="com.qa.opencart.tests.ProductInfoPageTest" name="producteCSVImagecountTest" time="1.254"/>
  <testcase classname="com.qa.opencart.tests.ProductInfoPageTest" name="producteCSVImagecountTest" time="2.433"/>
</testsuite> <!-- com.qa.opencart.tests.ProductInfoPageTest -->
