<?xml version="1.0" encoding="UTF-8"?>
<!-- Generated by org.testng.reporters.JUnitReportReporter -->
<testsuite hostname="PJ" failures="0" tests="4" name="com.qa.opencart.tests.RegisterPageTest" time="8.789" errors="0" timestamp="2026-03-04T14:23:01 IST" skipped="0">
  <testcase classname="com.qa.opencart.tests.RegisterPageTest" name="userRegTest" time="2.178"/>
  <testcase classname="com.qa.opencart.tests.RegisterPageTest" name="userRegTest" time="2.085"/>
  <testcase classname="com.qa.opencart.tests.RegisterPageTest" name="userRegTest" time="2.322"/>
  <testcase classname="com.qa.opencart.tests.RegisterPageTest" name="userRegTest" time="2.204"/>
</testsuite> <!-- com.qa.opencart.tests.RegisterPageTest -->
